\BOOKMARK [0][-]{chapter.1}{\376\377\000U\000s\000e\000d\000\040\000L\000i\000b\000r\000a\000r\000i\000e\000s\000\040\000F\000o\000r\000\040\000P\000r\000o\000j\000e\000c\000t}{}% 1
\BOOKMARK [1][-]{section.1.1}{\376\377\000N\000u\000m\000p\000y}{chapter.1}% 2
\BOOKMARK [1][-]{section.1.2}{\376\377\000M\000a\000t\000p\000l\000o\000t\000l\000i\000b}{chapter.1}% 3
\BOOKMARK [1][-]{section.1.3}{\376\377\000S\000c\000i\000p\000y}{chapter.1}% 4
\BOOKMARK [1][-]{section.1.4}{\376\377\000C\000V\0002}{chapter.1}% 5
\BOOKMARK [1][-]{section.1.5}{\376\377\000O\000S}{chapter.1}% 6
\BOOKMARK [0][-]{chapter.2}{\376\377\000F\000i\000r\000s\000t\000\040\000R\000e\000q\000u\000i\000r\000e\000m\000e\000n\000t}{}% 7
\BOOKMARK [1][-]{section.2.1}{\376\377\000R\000e\000a\000d\000i\000n\000g\000\040\000I\000m\000a\000g\000e\000\040\000F\000i\000l\000e}{chapter.2}% 8
\BOOKMARK [0][-]{chapter.3}{\376\377\000S\000e\000c\000o\000n\000d\000\040\000R\000e\000q\000u\000i\000r\000e\000m\000e\000n\000t}{}% 9
\BOOKMARK [1][-]{section.3.1}{\376\377\000C\000o\000m\000p\000r\000e\000s\000s\000i\000n\000g\000\040\000I\000m\000a\000g\000e\000\040\000U\000s\000i\000n\000g\000\040\000D\000i\000s\000c\000r\000e\000t\000e\000\040\000C\000o\000s\000i\000n\000e\000s\000\040\000T\000r\000a\000n\000s\000f\000o\000r\000m}{chapter.3}% 10
\BOOKMARK [0][-]{chapter.4}{\376\377\000T\000h\000i\000r\000d\000\040\000R\000e\000q\000u\000i\000r\000e\000m\000e\000n\000t}{}% 11
\BOOKMARK [1][-]{section.4.1}{\376\377\000C\000o\000m\000p\000a\000r\000i\000n\000g\000\040\000t\000h\000e\000\040\000s\000i\000z\000e\000s\000\040\000o\000f\000\040\000a\000l\000l\000\040\000i\000m\000a\000g\000e\000s}{chapter.4}% 12
\BOOKMARK [0][-]{chapter.5}{\376\377\000F\000o\000u\000r\000t\000h\000\040\000R\000e\000q\000u\000i\000r\000e\000m\000e\000n\000t}{}% 13
\BOOKMARK [1][-]{section.5.1}{\376\377\000D\000e\000c\000o\000m\000p\000r\000e\000s\000s\000i\000n\000g\000\040\000I\000m\000a\000g\000e\000\040\000u\000s\000i\000n\000g\000\040\000I\000D\000C\000T}{chapter.5}% 14
\BOOKMARK [0][-]{chapter.6}{\376\377\000F\000i\000f\000t\000h\000\040\000R\000e\000q\000u\000i\000r\000e\000m\000e\000n\000t}{}% 15
\BOOKMARK [1][-]{section.6.1}{\376\377\000C\000o\000m\000p\000u\000t\000i\000n\000g\000\040\000P\000S\000N\000R}{chapter.6}% 16
\BOOKMARK [0][-]{chapter.7}{\376\377\000S\000i\000x\000t\000h\000\040\000R\000e\000q\000u\000i\000r\000e\000m\000e\000n\000t}{}% 17
\BOOKMARK [1][-]{section.7.1}{\376\377\000A\000n\000a\000l\000y\000s\000i\000n\000g\000\040\000t\000h\000e\000\040\000r\000e\000l\000a\000t\000i\000o\000n\000\040\000b\000e\000t\000w\000e\000e\000n\000\040\000P\000S\000N\000R\000\040\000a\000n\000d\000\040\000Q\000u\000a\000l\000i\000t\000y}{chapter.7}% 18
\BOOKMARK [0][-]{appendix.A}{\376\377\000P\000r\000o\000j\000e\000c\000t\000'\000s\000\040\000C\000o\000d\000e}{}% 19
\BOOKMARK [0][-]{appendix.B}{\376\377\000R\000e\000f\000e\000r\000e\000n\000c\000e\000s}{}% 20
